2019-05-12 10:55:48.635  INFO 4372 --- [main] nefu.snow.SnowcleanAqpplication          : Starting SnowcleanAqpplication on LAPTOP-DOSVE200 with PID 4372 (D:\IDEAJavaWorks\snownew\snowclean\out\production\classes started by HP in D:\IDEAJavaWorks\snownew\snowclean)
2019-05-12 10:55:48.650  INFO 4372 --- [main] nefu.snow.SnowcleanAqpplication          : No active profile set, falling back to default profiles: default
2019-05-12 10:55:52.849  INFO 4372 --- [main] o.s.b.w.embedded.tomcat.TomcatWebServer  : Tomcat initialized with port(s): 8080 (http)
2019-05-12 10:55:52.983  INFO 4372 --- [main] o.apache.catalina.core.StandardService   : Starting service [Tomcat]
2019-05-12 10:55:52.984  INFO 4372 --- [main] org.apache.catalina.core.StandardEngine  : Starting Servlet engine: [Apache Tomcat/9.0.16]
2019-05-12 10:55:52.997  INFO 4372 --- [main] o.a.catalina.core.AprLifecycleListener   : The APR based Apache Tomcat Native library which allows optimal performance in production environments was not found on the java.library.path: [C:\Program Files\Java\jdk1.8.0_191\bin;C:\WINDOWS\Sun\Java\bin;C:\WINDOWS\system32;C:\WINDOWS;C:\Program Files (x86)\Common Files\Oracle\Java\javapath;C:\WINDOWS\system32;C:\WINDOWS;C:\WINDOWS\System32\Wbem;C:\WINDOWS\System32\WindowsPowerShell\v1.0\;C:\WINDOWS\System32\OpenSSH\;C:\Users\HP\AppData\Local\Programs\Python\Python37\Scripts\;C:\Program Files\Git\cmd;D:\runtime\win64;D:\bin;D:\polyspace\bin;C:\Users\HP\apache-maven-3.6.0\bin;C:\Program Files\Java\jdk1.8.0_191\bin;C:\mongo\bin;C:\Program Files\TortoiseGit\bin;C:\Users\HP\AppData\Local\Programs\Python\Python37\;C:\Users\HP\AppData\Local\Microsoft\WindowsApps;C:\Program Files\erl10.2\bin;"C:\Program Files\RabbitMQ Server\rabbitmq_server-3.7.9\sbin;";D:\MySQL Server 5.5\bin;"D:\apache-tomcat-9.0.16\bin;";D:\WinSCP\;D:\;%GRADLE_HOME%\bin;C:\Users\HP\AppData\Local\Microsoft\WindowsApps;.]
2019-05-12 10:55:53.256  INFO 4372 --- [main] o.a.c.c.C.[Tomcat].[localhost].[/]       : Initializing Spring embedded WebApplicationContext
2019-05-12 10:55:53.256  INFO 4372 --- [main] o.s.web.context.ContextLoader            : Root WebApplicationContext: initialization completed in 4420 ms
2019-05-12 10:55:53.970  INFO 4372 --- [main] o.s.s.concurrent.ThreadPoolTaskExecutor  : Initializing ExecutorService 'applicationTaskExecutor'
2019-05-12 10:55:54.483  INFO 4372 --- [main] o.s.b.w.embedded.tomcat.TomcatWebServer  : Tomcat started on port(s): 8080 (http) with context path ''
2019-05-12 10:55:54.489  INFO 4372 --- [main] nefu.snow.SnowcleanAqpplication          : Started SnowcleanAqpplication in 7.1 seconds (JVM running for 9.126)
2019-05-12 10:58:44.801  INFO 8644 --- [main] nefu.snow.SnowcleanAqpplication          : Starting SnowcleanAqpplication on LAPTOP-DOSVE200 with PID 8644 (D:\IDEAJavaWorks\snownew\snowclean\out\production\classes started by HP in D:\IDEAJavaWorks\snownew\snowclean)
2019-05-12 10:58:44.810  INFO 8644 --- [main] nefu.snow.SnowcleanAqpplication          : No active profile set, falling back to default profiles: default
2019-05-12 10:58:48.079  INFO 8644 --- [main] o.s.b.w.embedded.tomcat.TomcatWebServer  : Tomcat initialized with port(s): 8080 (http)
2019-05-12 10:58:48.120  INFO 8644 --- [main] o.apache.catalina.core.StandardService   : Starting service [Tomcat]
2019-05-12 10:58:48.120  INFO 8644 --- [main] org.apache.catalina.core.StandardEngine  : Starting Servlet engine: [Apache Tomcat/9.0.16]
2019-05-12 10:58:48.132  INFO 8644 --- [main] o.a.catalina.core.AprLifecycleListener   : The APR based Apache Tomcat Native library which allows optimal performance in production environments was not found on the java.library.path: [C:\Program Files\Java\jdk1.8.0_191\bin;C:\WINDOWS\Sun\Java\bin;C:\WINDOWS\system32;C:\WINDOWS;C:\Program Files (x86)\Common Files\Oracle\Java\javapath;C:\WINDOWS\system32;C:\WINDOWS;C:\WINDOWS\System32\Wbem;C:\WINDOWS\System32\WindowsPowerShell\v1.0\;C:\WINDOWS\System32\OpenSSH\;C:\Users\HP\AppData\Local\Programs\Python\Python37\Scripts\;C:\Program Files\Git\cmd;D:\runtime\win64;D:\bin;D:\polyspace\bin;C:\Users\HP\apache-maven-3.6.0\bin;C:\Program Files\Java\jdk1.8.0_191\bin;C:\mongo\bin;C:\Program Files\TortoiseGit\bin;C:\Users\HP\AppData\Local\Programs\Python\Python37\;C:\Users\HP\AppData\Local\Microsoft\WindowsApps;C:\Program Files\erl10.2\bin;"C:\Program Files\RabbitMQ Server\rabbitmq_server-3.7.9\sbin;";D:\MySQL Server 5.5\bin;"D:\apache-tomcat-9.0.16\bin;";D:\WinSCP\;D:\;%GRADLE_HOME%\bin;C:\Users\HP\AppData\Local\Microsoft\WindowsApps;.]
2019-05-12 10:58:48.341  INFO 8644 --- [main] o.a.c.c.C.[Tomcat].[localhost].[/]       : Initializing Spring embedded WebApplicationContext
2019-05-12 10:58:48.342  INFO 8644 --- [main] o.s.web.context.ContextLoader            : Root WebApplicationContext: initialization completed in 3335 ms
2019-05-12 10:58:49.033  INFO 8644 --- [main] o.s.s.concurrent.ThreadPoolTaskExecutor  : Initializing ExecutorService 'applicationTaskExecutor'
2019-05-12 10:58:49.477  INFO 8644 --- [main] o.s.b.w.embedded.tomcat.TomcatWebServer  : Tomcat started on port(s): 8080 (http) with context path ''
2019-05-12 10:58:49.483  INFO 8644 --- [main] nefu.snow.SnowcleanAqpplication          : Started SnowcleanAqpplication in 5.757 seconds (JVM running for 7.633)
2019-05-12 11:18:34.341  INFO 8644 --- [http-nio-8080-exec-1] o.a.c.c.C.[Tomcat].[localhost].[/]       : Initializing Spring DispatcherServlet 'dispatcherServlet'
2019-05-12 11:18:34.341  INFO 8644 --- [http-nio-8080-exec-1] o.s.web.servlet.DispatcherServlet        : Initializing Servlet 'dispatcherServlet'
2019-05-12 11:18:34.354  INFO 8644 --- [http-nio-8080-exec-1] o.s.web.servlet.DispatcherServlet        : Completed initialization in 12 ms
2019-05-12 11:18:34.419  INFO 8644 --- [http-nio-8080-exec-1] nefu.snow.api.UserApi                    : GET voteState{userId} : 160023
2019-05-12 11:18:34.474  INFO 8644 --- [http-nio-8080-exec-1] com.zaxxer.hikari.HikariDataSource       : HikariPool-1 - Starting...
2019-05-12 11:18:35.383  INFO 8644 --- [http-nio-8080-exec-1] com.zaxxer.hikari.HikariDataSource       : HikariPool-1 - Start completed.
2019-05-12 11:21:07.671  INFO 8644 --- [http-nio-8080-exec-5] nefu.snow.api.UserApi                    : GET vote : from = 160023 , to = 160024
2019-05-12 11:21:07.892 ERROR 8644 --- [http-nio-8080-exec-5] o.a.c.c.C.[.[.[/].[dispatcherServlet]    : Servlet.service() for servlet [dispatcherServlet] in context with path [] threw exception [Request processing failed; nested exception is org.mybatis.spring.MyBatisSystemException: nested exception is org.apache.ibatis.binding.BindingException: Parameter 'voteNum' not found. Available parameters are [arg1, arg0, param1, param2]] with root cause

org.apache.ibatis.binding.BindingException: Parameter 'voteNum' not found. Available parameters are [arg1, arg0, param1, param2]
	at org.apache.ibatis.binding.MapperMethod$ParamMap.get(MapperMethod.java:209) ~[mybatis-3.5.0.jar:3.5.0]
	at org.apache.ibatis.reflection.wrapper.MapWrapper.get(MapWrapper.java:45) ~[mybatis-3.5.0.jar:3.5.0]
	at org.apache.ibatis.reflection.MetaObject.getValue(MetaObject.java:122) ~[mybatis-3.5.0.jar:3.5.0]
	at org.apache.ibatis.scripting.defaults.DefaultParameterHandler.setParameters(DefaultParameterHandler.java:79) ~[mybatis-3.5.0.jar:3.5.0]
	at org.apache.ibatis.executor.statement.PreparedStatementHandler.parameterize(PreparedStatementHandler.java:94) ~[mybatis-3.5.0.jar:3.5.0]
	at org.apache.ibatis.executor.statement.RoutingStatementHandler.parameterize(RoutingStatementHandler.java:64) ~[mybatis-3.5.0.jar:3.5.0]
	at org.apache.ibatis.executor.SimpleExecutor.prepareStatement(SimpleExecutor.java:87) ~[mybatis-3.5.0.jar:3.5.0]
	at org.apache.ibatis.executor.SimpleExecutor.doUpdate(SimpleExecutor.java:49) ~[mybatis-3.5.0.jar:3.5.0]
	at org.apache.ibatis.executor.BaseExecutor.update(BaseExecutor.java:117) ~[mybatis-3.5.0.jar:3.5.0]
	at org.apache.ibatis.executor.CachingExecutor.update(CachingExecutor.java:76) ~[mybatis-3.5.0.jar:3.5.0]
	at sun.reflect.NativeMethodAccessorImpl.invoke0(Native Method) ~[na:1.8.0_191]
	at sun.reflect.NativeMethodAccessorImpl.invoke(NativeMethodAccessorImpl.java:62) ~[na:1.8.0_191]
	at sun.reflect.DelegatingMethodAccessorImpl.invoke(DelegatingMethodAccessorImpl.java:43) ~[na:1.8.0_191]
	at java.lang.reflect.Method.invoke(Method.java:498) ~[na:1.8.0_191]
	at org.apache.ibatis.plugin.Plugin.invoke(Plugin.java:63) ~[mybatis-3.5.0.jar:3.5.0]
	at com.sun.proxy.$Proxy79.update(Unknown Source) ~[na:na]
	at org.apache.ibatis.session.defaults.DefaultSqlSession.update(DefaultSqlSession.java:198) ~[mybatis-3.5.0.jar:3.5.0]
	at sun.reflect.NativeMethodAccessorImpl.invoke0(Native Method) ~[na:1.8.0_191]
	at sun.reflect.NativeMethodAccessorImpl.invoke(NativeMethodAccessorImpl.java:62) ~[na:1.8.0_191]
	at sun.reflect.DelegatingMethodAccessorImpl.invoke(DelegatingMethodAccessorImpl.java:43) ~[na:1.8.0_191]
	at java.lang.reflect.Method.invoke(Method.java:498) ~[na:1.8.0_191]
	at org.mybatis.spring.SqlSessionTemplate$SqlSessionInterceptor.invoke(SqlSessionTemplate.java:433) ~[mybatis-spring-2.0.0.jar:2.0.0]
	at com.sun.proxy.$Proxy56.update(Unknown Source) ~[na:na]
	at org.mybatis.spring.SqlSessionTemplate.update(SqlSessionTemplate.java:294) ~[mybatis-spring-2.0.0.jar:2.0.0]
	at org.apache.ibatis.binding.MapperMethod.execute(MapperMethod.java:64) ~[mybatis-3.5.0.jar:3.5.0]
	at org.apache.ibatis.binding.MapperProxy.invoke(MapperProxy.java:58) ~[mybatis-3.5.0.jar:3.5.0]
	at com.sun.proxy.$Proxy63.updateVote(Unknown Source) ~[na:na]
	at sun.reflect.NativeMethodAccessorImpl.invoke0(Native Method) ~[na:1.8.0_191]
	at sun.reflect.NativeMethodAccessorImpl.invoke(NativeMethodAccessorImpl.java:62) ~[na:1.8.0_191]
	at sun.reflect.DelegatingMethodAccessorImpl.invoke(DelegatingMethodAccessorImpl.java:43) ~[na:1.8.0_191]
	at java.lang.reflect.Method.invoke(Method.java:498) ~[na:1.8.0_191]
	at org.springframework.aop.support.AopUtils.invokeJoinpointUsingReflection(AopUtils.java:343) ~[spring-aop-5.1.5.RELEASE.jar:5.1.5.RELEASE]
	at org.springframework.aop.framework.ReflectiveMethodInvocation.invokeJoinpoint(ReflectiveMethodInvocation.java:198) ~[spring-aop-5.1.5.RELEASE.jar:5.1.5.RELEASE]
	at org.springframework.aop.framework.ReflectiveMethodInvocation.proceed(ReflectiveMethodInvocation.java:163) ~[spring-aop-5.1.5.RELEASE.jar:5.1.5.RELEASE]
	at org.springframework.dao.support.PersistenceExceptionTranslationInterceptor.invoke(PersistenceExceptionTranslationInterceptor.java:139) ~[spring-tx-5.1.5.RELEASE.jar:5.1.5.RELEASE]
	at org.springframework.aop.framework.ReflectiveMethodInvocation.proceed(ReflectiveMethodInvocation.java:186) ~[spring-aop-5.1.5.RELEASE.jar:5.1.5.RELEASE]
	at org.springframework.aop.framework.JdkDynamicAopProxy.invoke(JdkDynamicAopProxy.java:212) ~[spring-aop-5.1.5.RELEASE.jar:5.1.5.RELEASE]
	at com.sun.proxy.$Proxy65.updateVote(Unknown Source) ~[na:na]
	at nefu.snow.service.impl.UserServiceImpl.vote(UserServiceImpl.java:95) ~[classes/:na]
	at nefu.snow.api.UserApi.vote(UserApi.java:44) ~[classes/:na]
	at sun.reflect.NativeMethodAccessorImpl.invoke0(Native Method) ~[na:1.8.0_191]
	at sun.reflect.NativeMethodAccessorImpl.invoke(NativeMethodAccessorImpl.java:62) ~[na:1.8.0_191]
	at sun.reflect.DelegatingMethodAccessorImpl.invoke(DelegatingMethodAccessorImpl.java:43) ~[na:1.8.0_191]
	at java.lang.reflect.Method.invoke(Method.java:498) ~[na:1.8.0_191]
	at org.springframework.web.method.support.InvocableHandlerMethod.doInvoke(InvocableHandlerMethod.java:189) ~[spring-web-5.1.5.RELEASE.jar:5.1.5.RELEASE]
	at org.springframework.web.method.support.InvocableHandlerMethod.invokeForRequest(InvocableHandlerMethod.java:138) ~[spring-web-5.1.5.RELEASE.jar:5.1.5.RELEASE]
	at org.springframework.web.servlet.mvc.method.annotation.ServletInvocableHandlerMethod.invokeAndHandle(ServletInvocableHandlerMethod.java:102) ~[spring-webmvc-5.1.5.RELEASE.jar:5.1.5.RELEASE]
	at org.springframework.web.servlet.mvc.method.annotation.RequestMappingHandlerAdapter.invokeHandlerMethod(RequestMappingHandlerAdapter.java:895) ~[spring-webmvc-5.1.5.RELEASE.jar:5.1.5.RELEASE]
	at org.springframework.web.servlet.mvc.method.annotation.RequestMappingHandlerAdapter.handleInternal(RequestMappingHandlerAdapter.java:800) ~[spring-webmvc-5.1.5.RELEASE.jar:5.1.5.RELEASE]
	at org.springframework.web.servlet.mvc.method.AbstractHandlerMethodAdapter.handle(AbstractHandlerMethodAdapter.java:87) ~[spring-webmvc-5.1.5.RELEASE.jar:5.1.5.RELEASE]
	at org.springframework.web.servlet.DispatcherServlet.doDispatch(DispatcherServlet.java:1038) ~[spring-webmvc-5.1.5.RELEASE.jar:5.1.5.RELEASE]
	at org.springframework.web.servlet.DispatcherServlet.doService(DispatcherServlet.java:942) ~[spring-webmvc-5.1.5.RELEASE.jar:5.1.5.RELEASE]
	at org.springframework.web.servlet.FrameworkServlet.processRequest(FrameworkServlet.java:1005) ~[spring-webmvc-5.1.5.RELEASE.jar:5.1.5.RELEASE]
	at org.springframework.web.servlet.FrameworkServlet.doGet(FrameworkServlet.java:897) ~[spring-webmvc-5.1.5.RELEASE.jar:5.1.5.RELEASE]
	at javax.servlet.http.HttpServlet.service(HttpServlet.java:634) ~[tomcat-embed-core-9.0.16.jar:9.0.16]
	at org.springframework.web.servlet.FrameworkServlet.service(FrameworkServlet.java:882) ~[spring-webmvc-5.1.5.RELEASE.jar:5.1.5.RELEASE]
	at javax.servlet.http.HttpServlet.service(HttpServlet.java:741) ~[tomcat-embed-core-9.0.16.jar:9.0.16]
	at org.apache.catalina.core.ApplicationFilterChain.internalDoFilter(ApplicationFilterChain.java:231) ~[tomcat-embed-core-9.0.16.jar:9.0.16]
	at org.apache.catalina.core.ApplicationFilterChain.doFilter(ApplicationFilterChain.java:166) ~[tomcat-embed-core-9.0.16.jar:9.0.16]
	at org.apache.tomcat.websocket.server.WsFilter.doFilter(WsFilter.java:53) ~[tomcat-embed-websocket-9.0.16.jar:9.0.16]
	at org.apache.catalina.core.ApplicationFilterChain.internalDoFilter(ApplicationFilterChain.java:193) ~[tomcat-embed-core-9.0.16.jar:9.0.16]
	at org.apache.catalina.core.ApplicationFilterChain.doFilter(ApplicationFilterChain.java:166) ~[tomcat-embed-core-9.0.16.jar:9.0.16]
	at org.springframework.web.filter.RequestContextFilter.doFilterInternal(RequestContextFilter.java:99) ~[spring-web-5.1.5.RELEASE.jar:5.1.5.RELEASE]
	at org.springframework.web.filter.OncePerRequestFilter.doFilter(OncePerRequestFilter.java:107) ~[spring-web-5.1.5.RELEASE.jar:5.1.5.RELEASE]
	at org.apache.catalina.core.ApplicationFilterChain.internalDoFilter(ApplicationFilterChain.java:193) ~[tomcat-embed-core-9.0.16.jar:9.0.16]
	at org.apache.catalina.core.ApplicationFilterChain.doFilter(ApplicationFilterChain.java:166) ~[tomcat-embed-core-9.0.16.jar:9.0.16]
	at org.springframework.web.filter.FormContentFilter.doFilterInternal(FormContentFilter.java:92) ~[spring-web-5.1.5.RELEASE.jar:5.1.5.RELEASE]
	at org.springframework.web.filter.OncePerRequestFilter.doFilter(OncePerRequestFilter.java:107) ~[spring-web-5.1.5.RELEASE.jar:5.1.5.RELEASE]
	at org.apache.catalina.core.ApplicationFilterChain.internalDoFilter(ApplicationFilterChain.java:193) ~[tomcat-embed-core-9.0.16.jar:9.0.16]
	at org.apache.catalina.core.ApplicationFilterChain.doFilter(ApplicationFilterChain.java:166) ~[tomcat-embed-core-9.0.16.jar:9.0.16]
	at org.springframework.web.filter.HiddenHttpMethodFilter.doFilterInternal(HiddenHttpMethodFilter.java:93) ~[spring-web-5.1.5.RELEASE.jar:5.1.5.RELEASE]
	at org.springframework.web.filter.OncePerRequestFilter.doFilter(OncePerRequestFilter.java:107) ~[spring-web-5.1.5.RELEASE.jar:5.1.5.RELEASE]
	at org.apache.catalina.core.ApplicationFilterChain.internalDoFilter(ApplicationFilterChain.java:193) ~[tomcat-embed-core-9.0.16.jar:9.0.16]
	at org.apache.catalina.core.ApplicationFilterChain.doFilter(ApplicationFilterChain.java:166) ~[tomcat-embed-core-9.0.16.jar:9.0.16]
	at org.springframework.web.filter.CharacterEncodingFilter.doFilterInternal(CharacterEncodingFilter.java:200) ~[spring-web-5.1.5.RELEASE.jar:5.1.5.RELEASE]
	at org.springframework.web.filter.OncePerRequestFilter.doFilter(OncePerRequestFilter.java:107) ~[spring-web-5.1.5.RELEASE.jar:5.1.5.RELEASE]
	at org.apache.catalina.core.ApplicationFilterChain.internalDoFilter(ApplicationFilterChain.java:193) ~[tomcat-embed-core-9.0.16.jar:9.0.16]
	at org.apache.catalina.core.ApplicationFilterChain.doFilter(ApplicationFilterChain.java:166) ~[tomcat-embed-core-9.0.16.jar:9.0.16]
	at org.apache.catalina.core.StandardWrapperValve.invoke(StandardWrapperValve.java:200) ~[tomcat-embed-core-9.0.16.jar:9.0.16]
	at org.apache.catalina.core.StandardContextValve.invoke(StandardContextValve.java:96) [tomcat-embed-core-9.0.16.jar:9.0.16]
	at org.apache.catalina.authenticator.AuthenticatorBase.invoke(AuthenticatorBase.java:490) [tomcat-embed-core-9.0.16.jar:9.0.16]
	at org.apache.catalina.core.StandardHostValve.invoke(StandardHostValve.java:139) [tomcat-embed-core-9.0.16.jar:9.0.16]
	at org.apache.catalina.valves.ErrorReportValve.invoke(ErrorReportValve.java:92) [tomcat-embed-core-9.0.16.jar:9.0.16]
	at org.apache.catalina.core.StandardEngineValve.invoke(StandardEngineValve.java:74) [tomcat-embed-core-9.0.16.jar:9.0.16]
	at org.apache.catalina.connector.CoyoteAdapter.service(CoyoteAdapter.java:343) [tomcat-embed-core-9.0.16.jar:9.0.16]
	at org.apache.coyote.http11.Http11Processor.service(Http11Processor.java:408) [tomcat-embed-core-9.0.16.jar:9.0.16]
	at org.apache.coyote.AbstractProcessorLight.process(AbstractProcessorLight.java:66) [tomcat-embed-core-9.0.16.jar:9.0.16]
	at org.apache.coyote.AbstractProtocol$ConnectionHandler.process(AbstractProtocol.java:834) [tomcat-embed-core-9.0.16.jar:9.0.16]
	at org.apache.tomcat.util.net.NioEndpoint$SocketProcessor.doRun(NioEndpoint.java:1415) [tomcat-embed-core-9.0.16.jar:9.0.16]
	at org.apache.tomcat.util.net.SocketProcessorBase.run(SocketProcessorBase.java:49) [tomcat-embed-core-9.0.16.jar:9.0.16]
	at java.util.concurrent.ThreadPoolExecutor.runWorker(ThreadPoolExecutor.java:1149) [na:1.8.0_191]
	at java.util.concurrent.ThreadPoolExecutor$Worker.run(ThreadPoolExecutor.java:624) [na:1.8.0_191]
	at org.apache.tomcat.util.threads.TaskThread$WrappingRunnable.run(TaskThread.java:61) [tomcat-embed-core-9.0.16.jar:9.0.16]
	at java.lang.Thread.run(Thread.java:748) [na:1.8.0_191]

2019-05-12 11:24:27.843  INFO 6612 --- [main] nefu.snow.SnowcleanAqpplication          : Starting SnowcleanAqpplication on LAPTOP-DOSVE200 with PID 6612 (D:\IDEAJavaWorks\snownew\snowclean\out\production\classes started by HP in D:\IDEAJavaWorks\snownew\snowclean)
2019-05-12 11:24:27.851  INFO 6612 --- [main] nefu.snow.SnowcleanAqpplication          : No active profile set, falling back to default profiles: default
2019-05-12 11:24:31.180  INFO 6612 --- [main] o.s.b.w.embedded.tomcat.TomcatWebServer  : Tomcat initialized with port(s): 8080 (http)
2019-05-12 11:24:31.264  INFO 6612 --- [main] o.apache.catalina.core.StandardService   : Starting service [Tomcat]
2019-05-12 11:24:31.265  INFO 6612 --- [main] org.apache.catalina.core.StandardEngine  : Starting Servlet engine: [Apache Tomcat/9.0.17]
2019-05-12 11:24:31.594  INFO 6612 --- [main] o.a.c.c.C.[Tomcat].[localhost].[/]       : Initializing Spring embedded WebApplicationContext
2019-05-12 11:24:31.595  INFO 6612 --- [main] o.s.web.context.ContextLoader            : Root WebApplicationContext: initialization completed in 3535 ms
2019-05-12 11:24:32.316  INFO 6612 --- [main] o.s.s.concurrent.ThreadPoolTaskExecutor  : Initializing ExecutorService 'applicationTaskExecutor'
2019-05-12 11:24:32.811  INFO 6612 --- [main] o.s.b.w.embedded.tomcat.TomcatWebServer  : Tomcat started on port(s): 8080 (http) with context path ''
2019-05-12 11:24:32.816  INFO 6612 --- [main] nefu.snow.SnowcleanAqpplication          : Started SnowcleanAqpplication in 6.339 seconds (JVM running for 8.6)
2019-05-12 11:24:39.595  INFO 6612 --- [http-nio-8080-exec-2] o.a.c.c.C.[Tomcat].[localhost].[/]       : Initializing Spring DispatcherServlet 'dispatcherServlet'
2019-05-12 11:24:39.596  INFO 6612 --- [http-nio-8080-exec-2] o.s.web.servlet.DispatcherServlet        : Initializing Servlet 'dispatcherServlet'
2019-05-12 11:24:39.612  INFO 6612 --- [http-nio-8080-exec-2] o.s.web.servlet.DispatcherServlet        : Completed initialization in 16 ms
2019-05-12 11:24:39.788  INFO 6612 --- [http-nio-8080-exec-2] nefu.snow.api.UserApi                    : GET vote : from = 160023 , to = 160024
2019-05-12 11:24:39.843  INFO 6612 --- [http-nio-8080-exec-2] com.zaxxer.hikari.HikariDataSource       : HikariPool-1 - Starting...
2019-05-12 11:24:40.695  INFO 6612 --- [http-nio-8080-exec-2] com.zaxxer.hikari.HikariDataSource       : HikariPool-1 - Start completed.
2019-05-12 11:24:40.864 ERROR 6612 --- [http-nio-8080-exec-2] o.a.c.c.C.[.[.[/].[dispatcherServlet]    : Servlet.service() for servlet [dispatcherServlet] in context with path [] threw exception [Request processing failed; nested exception is org.mybatis.spring.MyBatisSystemException: nested exception is org.apache.ibatis.binding.BindingException: Parameter 'voteNum' not found. Available parameters are [arg1, arg0, param1, param2]] with root cause

org.apache.ibatis.binding.BindingException: Parameter 'voteNum' not found. Available parameters are [arg1, arg0, param1, param2]
	at org.apache.ibatis.binding.MapperMethod$ParamMap.get(MapperMethod.java:209) ~[mybatis-3.5.0.jar:3.5.0]
	at org.apache.ibatis.reflection.wrapper.MapWrapper.get(MapWrapper.java:45) ~[mybatis-3.5.0.jar:3.5.0]
	at org.apache.ibatis.reflection.MetaObject.getValue(MetaObject.java:122) ~[mybatis-3.5.0.jar:3.5.0]
	at org.apache.ibatis.scripting.defaults.DefaultParameterHandler.setParameters(DefaultParameterHandler.java:79) ~[mybatis-3.5.0.jar:3.5.0]
	at org.apache.ibatis.executor.statement.PreparedStatementHandler.parameterize(PreparedStatementHandler.java:94) ~[mybatis-3.5.0.jar:3.5.0]
	at org.apache.ibatis.executor.statement.RoutingStatementHandler.parameterize(RoutingStatementHandler.java:64) ~[mybatis-3.5.0.jar:3.5.0]
	at org.apache.ibatis.executor.SimpleExecutor.prepareStatement(SimpleExecutor.java:87) ~[mybatis-3.5.0.jar:3.5.0]
	at org.apache.ibatis.executor.SimpleExecutor.doUpdate(SimpleExecutor.java:49) ~[mybatis-3.5.0.jar:3.5.0]
	at org.apache.ibatis.executor.BaseExecutor.update(BaseExecutor.java:117) ~[mybatis-3.5.0.jar:3.5.0]
	at org.apache.ibatis.executor.CachingExecutor.update(CachingExecutor.java:76) ~[mybatis-3.5.0.jar:3.5.0]
	at sun.reflect.NativeMethodAccessorImpl.invoke0(Native Method) ~[na:1.8.0_191]
	at sun.reflect.NativeMethodAccessorImpl.invoke(NativeMethodAccessorImpl.java:62) ~[na:1.8.0_191]
	at sun.reflect.DelegatingMethodAccessorImpl.invoke(DelegatingMethodAccessorImpl.java:43) ~[na:1.8.0_191]
	at java.lang.reflect.Method.invoke(Method.java:498) ~[na:1.8.0_191]
	at org.apache.ibatis.plugin.Plugin.invoke(Plugin.java:63) ~[mybatis-3.5.0.jar:3.5.0]
	at com.sun.proxy.$Proxy79.update(Unknown Source) ~[na:na]
	at org.apache.ibatis.session.defaults.DefaultSqlSession.update(DefaultSqlSession.java:198) ~[mybatis-3.5.0.jar:3.5.0]
	at sun.reflect.NativeMethodAccessorImpl.invoke0(Native Method) ~[na:1.8.0_191]
	at sun.reflect.NativeMethodAccessorImpl.invoke(NativeMethodAccessorImpl.java:62) ~[na:1.8.0_191]
	at sun.reflect.DelegatingMethodAccessorImpl.invoke(DelegatingMethodAccessorImpl.java:43) ~[na:1.8.0_191]
	at java.lang.reflect.Method.invoke(Method.java:498) ~[na:1.8.0_191]
	at org.mybatis.spring.SqlSessionTemplate$SqlSessionInterceptor.invoke(SqlSessionTemplate.java:433) ~[mybatis-spring-2.0.0.jar:2.0.0]
	at com.sun.proxy.$Proxy56.update(Unknown Source) ~[na:na]
	at org.mybatis.spring.SqlSessionTemplate.update(SqlSessionTemplate.java:294) ~[mybatis-spring-2.0.0.jar:2.0.0]
	at org.apache.ibatis.binding.MapperMethod.execute(MapperMethod.java:64) ~[mybatis-3.5.0.jar:3.5.0]
	at org.apache.ibatis.binding.MapperProxy.invoke(MapperProxy.java:58) ~[mybatis-3.5.0.jar:3.5.0]
	at com.sun.proxy.$Proxy63.updateVote(Unknown Source) ~[na:na]
	at sun.reflect.NativeMethodAccessorImpl.invoke0(Native Method) ~[na:1.8.0_191]
	at sun.reflect.NativeMethodAccessorImpl.invoke(NativeMethodAccessorImpl.java:62) ~[na:1.8.0_191]
	at sun.reflect.DelegatingMethodAccessorImpl.invoke(DelegatingMethodAccessorImpl.java:43) ~[na:1.8.0_191]
	at java.lang.reflect.Method.invoke(Method.java:498) ~[na:1.8.0_191]
	at org.springframework.aop.support.AopUtils.invokeJoinpointUsingReflection(AopUtils.java:343) ~[spring-aop-5.1.6.RELEASE.jar:5.1.6.RELEASE]
	at org.springframework.aop.framework.ReflectiveMethodInvocation.invokeJoinpoint(ReflectiveMethodInvocation.java:198) ~[spring-aop-5.1.6.RELEASE.jar:5.1.6.RELEASE]
	at org.springframework.aop.framework.ReflectiveMethodInvocation.proceed(ReflectiveMethodInvocation.java:163) ~[spring-aop-5.1.6.RELEASE.jar:5.1.6.RELEASE]
	at org.springframework.dao.support.PersistenceExceptionTranslationInterceptor.invoke(PersistenceExceptionTranslationInterceptor.java:139) ~[spring-tx-5.1.6.RELEASE.jar:5.1.6.RELEASE]
	at org.springframework.aop.framework.ReflectiveMethodInvocation.proceed(ReflectiveMethodInvocation.java:186) ~[spring-aop-5.1.6.RELEASE.jar:5.1.6.RELEASE]
	at org.springframework.aop.framework.JdkDynamicAopProxy.invoke(JdkDynamicAopProxy.java:212) ~[spring-aop-5.1.6.RELEASE.jar:5.1.6.RELEASE]
	at com.sun.proxy.$Proxy65.updateVote(Unknown Source) ~[na:na]
	at nefu.snow.service.impl.UserServiceImpl.vote(UserServiceImpl.java:95) ~[classes/:na]
	at nefu.snow.api.UserApi.vote(UserApi.java:43) ~[classes/:na]
	at sun.reflect.NativeMethodAccessorImpl.invoke0(Native Method) ~[na:1.8.0_191]
	at sun.reflect.NativeMethodAccessorImpl.invoke(NativeMethodAccessorImpl.java:62) ~[na:1.8.0_191]
	at sun.reflect.DelegatingMethodAccessorImpl.invoke(DelegatingMethodAccessorImpl.java:43) ~[na:1.8.0_191]
	at java.lang.reflect.Method.invoke(Method.java:498) ~[na:1.8.0_191]
	at org.springframework.web.method.support.InvocableHandlerMethod.doInvoke(InvocableHandlerMethod.java:189) ~[spring-web-5.1.6.RELEASE.jar:5.1.6.RELEASE]
	at org.springframework.web.method.support.InvocableHandlerMethod.invokeForRequest(InvocableHandlerMethod.java:138) ~[spring-web-5.1.6.RELEASE.jar:5.1.6.RELEASE]
	at org.springframework.web.servlet.mvc.method.annotation.ServletInvocableHandlerMethod.invokeAndHandle(ServletInvocableHandlerMethod.java:102) ~[spring-webmvc-5.1.6.RELEASE.jar:5.1.6.RELEASE]
	at org.springframework.web.servlet.mvc.method.annotation.RequestMappingHandlerAdapter.invokeHandlerMethod(RequestMappingHandlerAdapter.java:892) ~[spring-webmvc-5.1.6.RELEASE.jar:5.1.6.RELEASE]
	at org.springframework.web.servlet.mvc.method.annotation.RequestMappingHandlerAdapter.handleInternal(RequestMappingHandlerAdapter.java:797) ~[spring-webmvc-5.1.6.RELEASE.jar:5.1.6.RELEASE]
	at org.springframework.web.servlet.mvc.method.AbstractHandlerMethodAdapter.handle(AbstractHandlerMethodAdapter.java:87) ~[spring-webmvc-5.1.6.RELEASE.jar:5.1.6.RELEASE]
	at org.springframework.web.servlet.DispatcherServlet.doDispatch(DispatcherServlet.java:1038) ~[spring-webmvc-5.1.6.RELEASE.jar:5.1.6.RELEASE]
	at org.springframework.web.servlet.DispatcherServlet.doService(DispatcherServlet.java:942) ~[spring-webmvc-5.1.6.RELEASE.jar:5.1.6.RELEASE]
	at org.springframework.web.servlet.FrameworkServlet.processRequest(FrameworkServlet.java:1005) ~[spring-webmvc-5.1.6.RELEASE.jar:5.1.6.RELEASE]
	at org.springframework.web.servlet.FrameworkServlet.doGet(FrameworkServlet.java:897) ~[spring-webmvc-5.1.6.RELEASE.jar:5.1.6.RELEASE]
	at javax.servlet.http.HttpServlet.service(HttpServlet.java:634) ~[tomcat-embed-core-9.0.17.jar:9.0.17]
	at org.springframework.web.servlet.FrameworkServlet.service(FrameworkServlet.java:882) ~[spring-webmvc-5.1.6.RELEASE.jar:5.1.6.RELEASE]
	at javax.servlet.http.HttpServlet.service(HttpServlet.java:741) ~[tomcat-embed-core-9.0.17.jar:9.0.17]
	at org.apache.catalina.core.ApplicationFilterChain.internalDoFilter(ApplicationFilterChain.java:231) ~[tomcat-embed-core-9.0.17.jar:9.0.17]
	at org.apache.catalina.core.ApplicationFilterChain.doFilter(ApplicationFilterChain.java:166) ~[tomcat-embed-core-9.0.17.jar:9.0.17]
	at org.apache.tomcat.websocket.server.WsFilter.doFilter(WsFilter.java:53) ~[tomcat-embed-websocket-9.0.17.jar:9.0.17]
	at org.apache.catalina.core.ApplicationFilterChain.internalDoFilter(ApplicationFilterChain.java:193) ~[tomcat-embed-core-9.0.17.jar:9.0.17]
	at org.apache.catalina.core.ApplicationFilterChain.doFilter(ApplicationFilterChain.java:166) ~[tomcat-embed-core-9.0.17.jar:9.0.17]
	at org.springframework.web.filter.RequestContextFilter.doFilterInternal(RequestContextFilter.java:99) ~[spring-web-5.1.6.RELEASE.jar:5.1.6.RELEASE]
	at org.springframework.web.filter.OncePerRequestFilter.doFilter(OncePerRequestFilter.java:107) ~[spring-web-5.1.6.RELEASE.jar:5.1.6.RELEASE]
	at org.apache.catalina.core.ApplicationFilterChain.internalDoFilter(ApplicationFilterChain.java:193) ~[tomcat-embed-core-9.0.17.jar:9.0.17]
	at org.apache.catalina.core.ApplicationFilterChain.doFilter(ApplicationFilterChain.java:166) ~[tomcat-embed-core-9.0.17.jar:9.0.17]
	at org.springframework.web.filter.FormContentFilter.doFilterInternal(FormContentFilter.java:92) ~[spring-web-5.1.6.RELEASE.jar:5.1.6.RELEASE]
	at org.springframework.web.filter.OncePerRequestFilter.doFilter(OncePerRequestFilter.java:107) ~[spring-web-5.1.6.RELEASE.jar:5.1.6.RELEASE]
	at org.apache.catalina.core.ApplicationFilterChain.internalDoFilter(ApplicationFilterChain.java:193) ~[tomcat-embed-core-9.0.17.jar:9.0.17]
	at org.apache.catalina.core.ApplicationFilterChain.doFilter(ApplicationFilterChain.java:166) ~[tomcat-embed-core-9.0.17.jar:9.0.17]
	at org.springframework.web.filter.HiddenHttpMethodFilter.doFilterInternal(HiddenHttpMethodFilter.java:93) ~[spring-web-5.1.6.RELEASE.jar:5.1.6.RELEASE]
	at org.springframework.web.filter.OncePerRequestFilter.doFilter(OncePerRequestFilter.java:107) ~[spring-web-5.1.6.RELEASE.jar:5.1.6.RELEASE]
	at org.apache.catalina.core.ApplicationFilterChain.internalDoFilter(ApplicationFilterChain.java:193) ~[tomcat-embed-core-9.0.17.jar:9.0.17]
	at org.apache.catalina.core.ApplicationFilterChain.doFilter(ApplicationFilterChain.java:166) ~[tomcat-embed-core-9.0.17.jar:9.0.17]
	at org.springframework.web.filter.CharacterEncodingFilter.doFilterInternal(CharacterEncodingFilter.java:200) ~[spring-web-5.1.6.RELEASE.jar:5.1.6.RELEASE]
	at org.springframework.web.filter.OncePerRequestFilter.doFilter(OncePerRequestFilter.java:107) ~[spring-web-5.1.6.RELEASE.jar:5.1.6.RELEASE]
	at org.apache.catalina.core.ApplicationFilterChain.internalDoFilter(ApplicationFilterChain.java:193) ~[tomcat-embed-core-9.0.17.jar:9.0.17]
	at org.apache.catalina.core.ApplicationFilterChain.doFilter(ApplicationFilterChain.java:166) ~[tomcat-embed-core-9.0.17.jar:9.0.17]
	at org.apache.catalina.core.StandardWrapperValve.invoke(StandardWrapperValve.java:200) ~[tomcat-embed-core-9.0.17.jar:9.0.17]
	at org.apache.catalina.core.StandardContextValve.invoke(StandardContextValve.java:96) [tomcat-embed-core-9.0.17.jar:9.0.17]
	at org.apache.catalina.authenticator.AuthenticatorBase.invoke(AuthenticatorBase.java:490) [tomcat-embed-core-9.0.17.jar:9.0.17]
	at org.apache.catalina.core.StandardHostValve.invoke(StandardHostValve.java:139) [tomcat-embed-core-9.0.17.jar:9.0.17]
	at org.apache.catalina.valves.ErrorReportValve.invoke(ErrorReportValve.java:92) [tomcat-embed-core-9.0.17.jar:9.0.17]
	at org.apache.catalina.core.StandardEngineValve.invoke(StandardEngineValve.java:74) [tomcat-embed-core-9.0.17.jar:9.0.17]
	at org.apache.catalina.connector.CoyoteAdapter.service(CoyoteAdapter.java:343) [tomcat-embed-core-9.0.17.jar:9.0.17]
	at org.apache.coyote.http11.Http11Processor.service(Http11Processor.java:408) [tomcat-embed-core-9.0.17.jar:9.0.17]
	at org.apache.coyote.AbstractProcessorLight.process(AbstractProcessorLight.java:66) [tomcat-embed-core-9.0.17.jar:9.0.17]
	at org.apache.coyote.AbstractProtocol$ConnectionHandler.process(AbstractProtocol.java:834) [tomcat-embed-core-9.0.17.jar:9.0.17]
	at org.apache.tomcat.util.net.NioEndpoint$SocketProcessor.doRun(NioEndpoint.java:1415) [tomcat-embed-core-9.0.17.jar:9.0.17]
	at org.apache.tomcat.util.net.SocketProcessorBase.run(SocketProcessorBase.java:49) [tomcat-embed-core-9.0.17.jar:9.0.17]
	at java.util.concurrent.ThreadPoolExecutor.runWorker(ThreadPoolExecutor.java:1149) [na:1.8.0_191]
	at java.util.concurrent.ThreadPoolExecutor$Worker.run(ThreadPoolExecutor.java:624) [na:1.8.0_191]
	at org.apache.tomcat.util.threads.TaskThread$WrappingRunnable.run(TaskThread.java:61) [tomcat-embed-core-9.0.17.jar:9.0.17]
	at java.lang.Thread.run(Thread.java:748) [na:1.8.0_191]

2019-05-12 11:28:59.724  INFO 13900 --- [main] nefu.snow.SnowcleanAqpplication          : Starting SnowcleanAqpplication on LAPTOP-DOSVE200 with PID 13900 (D:\IDEAJavaWorks\snownew\snowclean\out\production\classes started by HP in D:\IDEAJavaWorks\snownew\snowclean)
2019-05-12 11:28:59.732  INFO 13900 --- [main] nefu.snow.SnowcleanAqpplication          : No active profile set, falling back to default profiles: default
2019-05-12 11:29:02.992  INFO 13900 --- [main] o.s.b.w.embedded.tomcat.TomcatWebServer  : Tomcat initialized with port(s): 8080 (http)
2019-05-12 11:29:03.046  INFO 13900 --- [main] o.apache.catalina.core.StandardService   : Starting service [Tomcat]
2019-05-12 11:29:03.047  INFO 13900 --- [main] org.apache.catalina.core.StandardEngine  : Starting Servlet engine: [Apache Tomcat/9.0.17]
2019-05-12 11:29:03.304  INFO 13900 --- [main] o.a.c.c.C.[Tomcat].[localhost].[/]       : Initializing Spring embedded WebApplicationContext
2019-05-12 11:29:03.304  INFO 13900 --- [main] o.s.web.context.ContextLoader            : Root WebApplicationContext: initialization completed in 3396 ms
2019-05-12 11:29:04.143  INFO 13900 --- [main] o.s.s.concurrent.ThreadPoolTaskExecutor  : Initializing ExecutorService 'applicationTaskExecutor'
2019-05-12 11:29:04.708  INFO 13900 --- [main] o.s.b.w.embedded.tomcat.TomcatWebServer  : Tomcat started on port(s): 8080 (http) with context path ''
2019-05-12 11:29:04.716  INFO 13900 --- [main] nefu.snow.SnowcleanAqpplication          : Started SnowcleanAqpplication in 6.229 seconds (JVM running for 8.11)
2019-05-12 11:30:22.199  INFO 13900 --- [http-nio-8080-exec-1] o.a.c.c.C.[Tomcat].[localhost].[/]       : Initializing Spring DispatcherServlet 'dispatcherServlet'
2019-05-12 11:30:22.200  INFO 13900 --- [http-nio-8080-exec-1] o.s.web.servlet.DispatcherServlet        : Initializing Servlet 'dispatcherServlet'
2019-05-12 11:30:22.215  INFO 13900 --- [http-nio-8080-exec-1] o.s.web.servlet.DispatcherServlet        : Completed initialization in 15 ms
2019-05-12 11:30:22.288  INFO 13900 --- [http-nio-8080-exec-1] nefu.snow.api.UserApi                    : GET vote : from = 160023 , to = 160024
2019-05-12 11:30:22.352  INFO 13900 --- [http-nio-8080-exec-1] com.zaxxer.hikari.HikariDataSource       : HikariPool-1 - Starting...
2019-05-12 11:30:23.264  INFO 13900 --- [http-nio-8080-exec-1] com.zaxxer.hikari.HikariDataSource       : HikariPool-1 - Start completed.
